<?xml version="1.0" encoding="UTF-8"?>
<!-- Generated by org.testng.reporters.JUnitReportReporter -->
<testsuite hostname="DESKTOP-IADEF9B" failures="0" tests="1" name="com.qa.Redifff.TestCases.LoginTest" time="23.949" errors="0" timestamp="2023-09-19T22:08:37 EDT" skipped="0">
  <testcase classname="com.qa.Redifff.TestCases.LoginTest" name="loginSetup" time="23.949"/>
</testsuite> <!-- com.qa.Redifff.TestCases.LoginTest -->
